Added Component: Designator=C1(CAP0805)
Added Component: Designator=C2(CAP0805)
Added Component: Designator=C3(CAP0805)
Added Component: Designator=C4(CAP0805)
Added Component: Designator=C5(CAP0805)
Added Component: Designator=C6(CAP0805)
Added Component: Designator=C7(CAP0603)
Added Component: Designator=C8(CAP0805)
Added Component: Designator=C9(CAP0603)
Added Component: Designator=C10(CAP0603)
Added Component: Designator=C11(CAP0603)
Added Component: Designator=C12(CAP0603)
Added Component: Designator=C13(CAP1206)
Added Component: Designator=C14(CAP1206)
Added Component: Designator=C15(CAP1206)
Added Component: Designator=C16(CAP0603)
Added Component: Designator=C17(CAP1206)
Added Component: Designator=C18(CAP0805)
Added Component: Designator=C19(CAP1206)
Added Component: Designator=C20(CAP0805)
Added Component: Designator=C21(CAP0603)
Added Component: Designator=C22(CAP0603)
Added Component: Designator=C23(CAP0603)
Added Component: Designator=C24(CAP0603)
Added Component: Designator=C25(CAP0603)
Added Component: Designator=C26(CAP0603)
Added Component: Designator=C27(CAP0603)
Added Component: Designator=C28(CAP0603)
Added Component: Designator=C29(CAP0603)
Added Component: Designator=C30(CAP0603)
Added Component: Designator=C31(CAP0603)
Added Component: Designator=C32(CAP0603)
Added Component: Designator=C33(CAP0603)
Added Component: Designator=C34(CAP0603)
Added Component: Designator=C35(CAP0603)
Added Component: Designator=C36(CAP0603)
Added Component: Designator=C37(CAP0603)
Added Component: Designator=C38(CAP0603)
Added Component: Designator=C39(CAP0603)
Added Component: Designator=C40(CAP0603)
Added Component: Designator=C41(CAP0603)
Added Component: Designator=C42(CAP0603)
Added Component: Designator=C43(CAP0603)
Added Component: Designator=C44(CAP0603)
Added Component: Designator=C45(CAP0603)
Added Component: Designator=C46(CAP0603)
Added Component: Designator=C47(CAP0603)
Added Component: Designator=C48(CAP0603)
Added Component: Designator=C49(CAP0603)
Added Component: Designator=C50(CAP0603)
Added Component: Designator=C51(CAP0603)
Added Component: Designator=C52(CAP0603)
Added Component: Designator=C53(CAP0603)
Added Component: Designator=C54(CAP0603)
Added Component: Designator=C55(CAP0603)
Added Component: Designator=C56(CAP0603)
Added Component: Designator=C57(CAP0603)
Added Component: Designator=C58(CAP0603)
Added Component: Designator=C59(CAP0603)
Added Component: Designator=C60(CAP0603)
Added Component: Designator=C61(CAP0603)
Added Component: Designator=CAGE1(PCB_SFP_CAGE_FOOTPRINT)
Added Component: Designator=CON1(BTB-SM0-6-2V200)
Added Component: Designator=CON2(1-1734248-5)
Added Component: Designator=CON3(MICROMATCH2X3)
Added Component: Designator=CON4(10118193)
Added Component: Designator=CON5(USB A, TH, Right Angle)
Added Component: Designator=D1(LED0603)
Added Component: Designator=D2(LED0603)
Added Component: Designator=D3(LED0603)
Added Component: Designator=D4(LED0603)
Added Component: Designator=FID1(FID_40X120D)
Added Component: Designator=FID2(FID_40X120D)
Added Component: Designator=L1(INDP4040X18N)
Added Component: Designator=L2(INDP4040X18N)
Added Component: Designator=L3(IND1212)
Added Component: Designator=L4(CAP0603)
Added Component: Designator=L5(CAP0603)
Added Component: Designator=L6(CAP0805)
Added Component: Designator=L7(CAP0805)
Added Component: Designator=L8(CAP0805)
Added Component: Designator=L9(CAP0805)
Added Component: Designator=LED1(LED_SMD5050)
Added Component: Designator=MH1(MH_7.4MMD_3.2MMD_NON_COPPER_NPTH)
Added Component: Designator=MH2(MH_7.4MMD_3.2MMD_NON_COPPER_NPTH)
Added Component: Designator=MH3(MH_7.4MMD_3.2MMD_NON_COPPER_NPTH)
Added Component: Designator=MH4(MH_7.4MMD_3.2MMD_NON_COPPER_NPTH)
Added Component: Designator=MH5(MH_7.4MMD_3.2MMD_NON_COPPER_NPTH)
Added Component: Designator=MH6(MH_7.4MMD_3.2MMD_NON_COPPER_NPTH)
Added Component: Designator=P1(HDR1X3H)
Added Component: Designator=P2(HDR1X2)
Added Component: Designator=P3(HDR2X15)
Added Component: Designator=P4(HDR1X3H)
Added Component: Designator=P5(HDR2X5_CEN)
Added Component: Designator=P6(HDR2X9)
Added Component: Designator=Q1(DMG1012T-7)
Added Component: Designator=Q2(DMG1012T-7)
Added Component: Designator=Q3(DMG1012T-7)
Added Component: Designator=R1(RES1206)
Added Component: Designator=R2(RES1206)
Added Component: Designator=R3(RES0603)
Added Component: Designator=R4(RES1206)
Added Component: Designator=R5(RES0603)
Added Component: Designator=R6(RES0603)
Added Component: Designator=R7(RES0603)
Added Component: Designator=R8(RES0603)
Added Component: Designator=R9(RES0603)
Added Component: Designator=R10(RES0603)
Added Component: Designator=R11(RES0603)
Added Component: Designator=R12(RES0603)
Added Component: Designator=R13(RES0603)
Added Component: Designator=R14(RES0603)
Added Component: Designator=R15(RES0603)
Added Component: Designator=R16(RES0603)
Added Component: Designator=R17(RES0603)
Added Component: Designator=R18(RES0603)
Added Component: Designator=R19(RES0603)
Added Component: Designator=R20(RES0603)
Added Component: Designator=R21(RES0603)
Added Component: Designator=R22(RES0603)
Added Component: Designator=R23(RES0603)
Added Component: Designator=R24(RES0603)
Added Component: Designator=R25(RES0603)
Added Component: Designator=R26(RES0603)
Added Component: Designator=R27(RES0603)
Added Component: Designator=R28(RES0603)
Added Component: Designator=R29(RES0603)
Added Component: Designator=R30(RES0603)
Added Component: Designator=R31(RES0603)
Added Component: Designator=R32(RES0603)
Added Component: Designator=R33(RES0603)
Added Component: Designator=R34(RES0603)
Added Component: Designator=R35(RES0603)
Added Component: Designator=R36(RES0603)
Added Component: Designator=R37(RES0603)
Added Component: Designator=R38(RES0603)
Added Component: Designator=R39(RES0603)
Added Component: Designator=R40(RES0603)
Added Component: Designator=R41(RES0603)
Added Component: Designator=R42(RES0603)
Added Component: Designator=R43(RES0603)
Added Component: Designator=R44(RES0603)
Added Component: Designator=R45(RES0603)
Added Component: Designator=R46(RES0603)
Added Component: Designator=R47(RES0603)
Added Component: Designator=R48(RES0603)
Added Component: Designator=R49(RES0603)
Added Component: Designator=R50(RES0603)
Added Component: Designator=R51(RES0603)
Added Component: Designator=R52(RES0603)
Added Component: Designator=R53(RES0603)
Added Component: Designator=R54(RES0603)
Added Component: Designator=R55(RES0603)
Added Component: Designator=R56(RES0603)
Added Component: Designator=R57(RES0603)
Added Component: Designator=R58(RES0603)
Added Component: Designator=R59(RES0603)
Added Component: Designator=R60(RES0603)
Added Component: Designator=R61(RES0603)
Added Component: Designator=SW1(SW ANGLE 3PIN)
Added Component: Designator=T1(0826-1L1T-57-F)
Added Component: Designator=TP1(TEST_POINT)
Added Component: Designator=TP2(TEST_POINT)
Added Component: Designator=TP3(TEST_POINT)
Added Component: Designator=TP4(TEST_POINT)
Added Component: Designator=TP5(TEST_POINT)
Added Component: Designator=TP6(TEST_POINT)
Added Component: Designator=TP7(TEST_POINT)
Added Component: Designator=TP8(TEST_POINT)
Added Component: Designator=TP9(TEST_POINT)
Added Component: Designator=TP13(TEST_POINT)
Added Component: Designator=TP14(TEST_POINT)
Added Component: Designator=TP15(TEST_POINT)
Added Component: Designator=TP16(TEST_POINT)
Added Component: Designator=TP17(TEST_POINT)
Added Component: Designator=TP18(TEST_POINT)
Added Component: Designator=TP19(TEST_POINT)
Added Component: Designator=TP20(TEST_POINT)
Added Component: Designator=TP22(TEST_POINT)
Added Component: Designator=U1(WDFN12L)
Added Component: Designator=U2(TI-DCY4_N)
Added Component: Designator=U3(DCDC_M1)
Added Component: Designator=U4(DCDC_M2)
Added Component: Designator=U5(QFN64)
Added Component: Designator=U6(MO-187)
Added Component: Designator=U7(CAVITY MEMS)
Added Component: Designator=Y1(XTAL_small)
Added Pin To Net: NetName=GND Pin=C1-1
Added Pin To Net: NetName=CM_VBAT Pin=C1-2
Added Pin To Net: NetName=GND Pin=C2-1
Added Pin To Net: NetName=3V3 Pin=C2-2
Added Pin To Net: NetName=GND Pin=C3-1
Added Pin To Net: NetName=CM_3V3 Pin=C3-2
Added Pin To Net: NetName=GND Pin=C4-1
Added Pin To Net: NetName=1V8 Pin=C4-2
Added Pin To Net: NetName=GND Pin=C5-1
Added Pin To Net: NetName=5V Pin=C5-2
Added Pin To Net: NetName=GND Pin=C6-1
Added Pin To Net: NetName=5V Pin=C6-2
Added Pin To Net: NetName=GND Pin=C7-1
Added Pin To Net: NetName=GND Pin=C8-1
Added Pin To Net: NetName=CM_1V8 Pin=C8-2
Added Pin To Net: NetName=GND Pin=C9-1
Added Pin To Net: NetName=3V3 Pin=C9-2
Added Pin To Net: NetName=GND Pin=C10-1
Added Pin To Net: NetName=3V3 Pin=C10-2
Added Pin To Net: NetName=GND Pin=C11-1
Added Pin To Net: NetName=5V Pin=C11-2
Added Pin To Net: NetName=GND Pin=C12-1
Added Pin To Net: NetName=+9V Pin=C13-2
Added Pin To Net: NetName=POE_V- Pin=C14-1
Added Pin To Net: NetName=POE_V+ Pin=C14-2
Added Pin To Net: NetName=POE_V- Pin=C15-1
Added Pin To Net: NetName=GND Pin=C16-2
Added Pin To Net: NetName=POE_V- Pin=C17-1
Added Pin To Net: NetName=GND Pin=C17-2
Added Pin To Net: NetName=GND Pin=C18-1
Added Pin To Net: NetName=5V Pin=C18-2
Added Pin To Net: NetName=POE_V- Pin=C19-1
Added Pin To Net: NetName=POE_V+ Pin=C19-2
Added Pin To Net: NetName=GND Pin=C20-1
Added Pin To Net: NetName=5V Pin=C20-2
Added Pin To Net: NetName=GND Pin=C21-1
Added Pin To Net: NetName=5V Pin=C21-2
Added Pin To Net: NetName=ETH_TX_P Pin=C22-1
Added Pin To Net: NetName=GND Pin=C22-2
Added Pin To Net: NetName=ETH_TX_N Pin=C23-1
Added Pin To Net: NetName=GND Pin=C23-2
Added Pin To Net: NetName=ETH_RX_P Pin=C24-1
Added Pin To Net: NetName=GND Pin=C24-2
Added Pin To Net: NetName=ETH_RX_N Pin=C25-1
Added Pin To Net: NetName=GND Pin=C25-2
Added Pin To Net: NetName=GND Pin=C26-2
Added Pin To Net: NetName=GND Pin=C27-1
Added Pin To Net: NetName=3V3 Pin=C27-2
Added Pin To Net: NetName=GND Pin=C28-1
Added Pin To Net: NetName=VDD33A Pin=C28-2
Added Pin To Net: NetName=GND Pin=C29-1
Added Pin To Net: NetName=VDD33A Pin=C29-2
Added Pin To Net: NetName=GND Pin=C30-1
Added Pin To Net: NetName=3V3 Pin=C30-2
Added Pin To Net: NetName=GND Pin=C31-1
Added Pin To Net: NetName=3V3 Pin=C31-2
Added Pin To Net: NetName=GND Pin=C32-1
Added Pin To Net: NetName=3V3 Pin=C32-2
Added Pin To Net: NetName=GND Pin=C33-1
Added Pin To Net: NetName=3V3 Pin=C33-2
Added Pin To Net: NetName=GND Pin=C34-1
Added Pin To Net: NetName=VDD33A Pin=C34-2
Added Pin To Net: NetName=GND Pin=C35-1
Added Pin To Net: NetName=VDD33A Pin=C35-2
Added Pin To Net: NetName=GND Pin=C36-1
Added Pin To Net: NetName=VDD33A Pin=C36-2
Added Pin To Net: NetName=GND Pin=C37-1
Added Pin To Net: NetName=VDD33A Pin=C37-2
Added Pin To Net: NetName=GND Pin=C38-1
Added Pin To Net: NetName=VDD33A Pin=C38-2
Added Pin To Net: NetName=GND Pin=C39-1
Added Pin To Net: NetName=VDD33A Pin=C39-2
Added Pin To Net: NetName=GND Pin=C40-1
Added Pin To Net: NetName=VDD33A Pin=C40-2
Added Pin To Net: NetName=GND Pin=C41-1
Added Pin To Net: NetName=XO Pin=C41-2
Added Pin To Net: NetName=GND Pin=C42-1
Added Pin To Net: NetName=XI Pin=C42-2
Added Pin To Net: NetName=GND Pin=C43-1
Added Pin To Net: NetName=VDD18USBPLL Pin=C43-2
Added Pin To Net: NetName=GND Pin=C44-1
Added Pin To Net: NetName=VDD18ETHPLL Pin=C44-2
Added Pin To Net: NetName=GND Pin=C45-1
Added Pin To Net: NetName=VDD18CORE Pin=C45-2
Added Pin To Net: NetName=GND Pin=C46-1
Added Pin To Net: NetName=VDD18CORE Pin=C46-2
Added Pin To Net: NetName=GND Pin=C47-1
Added Pin To Net: NetName=VDD18CORE Pin=C47-2
Added Pin To Net: NetName=3V3 Pin=C48-1
Added Pin To Net: NetName=GND Pin=C48-2
Added Pin To Net: NetName=GND Pin=C49-1
Added Pin To Net: NetName=5V Pin=C49-2
Added Pin To Net: NetName=GND Pin=C50-1
Added Pin To Net: NetName=GND Pin=C51-1
Added Pin To Net: NetName=GND Pin=C52-1
Added Pin To Net: NetName=GND Pin=C53-1
Added Pin To Net: NetName=GND Pin=C54-1
Added Pin To Net: NetName=GND Pin=C55-1
Added Pin To Net: NetName=GND Pin=C56-1
Added Pin To Net: NetName=GND Pin=C57-1
Added Pin To Net: NetName=GND Pin=C58-1
Added Pin To Net: NetName=GND Pin=C59-1
Added Pin To Net: NetName=GND Pin=C60-1
Added Pin To Net: NetName=GND Pin=C61-1
Added Pin To Net: NetName=GND Pin=CAGE1-21
Added Pin To Net: NetName=GND Pin=CAGE1-21
Added Pin To Net: NetName=GND Pin=CAGE1-21
Added Pin To Net: NetName=GND Pin=CAGE1-21
Added Pin To Net: NetName=GND Pin=CAGE1-21
Added Pin To Net: NetName=GND Pin=CAGE1-21
Added Pin To Net: NetName=GND Pin=CAGE1-21
Added Pin To Net: NetName=GND Pin=CAGE1-21
Added Pin To Net: NetName=GND Pin=CAGE1-21
Added Pin To Net: NetName=GND Pin=CAGE1-21
Added Pin To Net: NetName=GND Pin=CAGE1-21
Added Pin To Net: NetName=GND Pin=CAGE1-21
Added Pin To Net: NetName=GND Pin=CAGE1-21
Added Pin To Net: NetName=GND Pin=CAGE1-21
Added Pin To Net: NetName=GND Pin=CAGE1-21
Added Pin To Net: NetName=GND Pin=CAGE1-21
Added Pin To Net: NetName=GND Pin=CAGE1-21
Added Pin To Net: NetName=GND Pin=CAGE1-21
Added Pin To Net: NetName=GND Pin=CAGE1-21
Added Pin To Net: NetName=GND Pin=CAGE1-21
Added Pin To Net: NetName=GND Pin=CAGE1-21
Added Pin To Net: NetName=GND Pin=CON1-1
Added Pin To Net: NetName=EMMC_DISABLE_N Pin=CON1-2
Added Pin To Net: NetName=CAM1/GPIO0/SDA0 Pin=CON1-3
Added Pin To Net: NetName=CAM1/GPIO1/SCL0 Pin=CON1-5
Added Pin To Net: NetName=GND Pin=CON1-7
Added Pin To Net: NetName=SFP/GPIO2/SDA1 Pin=CON1-9
Added Pin To Net: NetName=SFP/GPIO3/SCL1 Pin=CON1-11
Added Pin To Net: NetName=GND Pin=CON1-13
Added Pin To Net: NetName=CAM1_GPIO Pin=CON1-15
Added Pin To Net: NetName=CAM1_CLK Pin=CON1-17
Added Pin To Net: NetName=GND Pin=CON1-19
Added Pin To Net: NetName=NRESET Pin=CON1-21
Added Pin To Net: NetName=SFP_PRESENT_1/GPIO7 Pin=CON1-23
Added Pin To Net: NetName=GND Pin=CON1-25
Added Pin To Net: NetName=GND Pin=CON1-26
Added Pin To Net: NetName=GPIO8 Pin=CON1-27
Added Pin To Net: NetName=NetCON1_28 Pin=CON1-28
Added Pin To Net: NetName=GPIO9 Pin=CON1-29
Added Pin To Net: NetName=NetCON1_30 Pin=CON1-30
Added Pin To Net: NetName=GND Pin=CON1-31
Added Pin To Net: NetName=GND Pin=CON1-32
Added Pin To Net: NetName=GPIO10 Pin=CON1-33
Added Pin To Net: NetName=GPIO30/CTS1 Pin=CON1-34
Added Pin To Net: NetName=GPIO11 Pin=CON1-35
Added Pin To Net: NetName=GPIO31/RTS1 Pin=CON1-36
Added Pin To Net: NetName=GND Pin=CON1-37
Added Pin To Net: NetName=GND Pin=CON1-38
Added Pin To Net: NetName=3V3 Pin=CON1-39
Added Pin To Net: NetName=3V3 Pin=CON1-40
Added Pin To Net: NetName=3V3 Pin=CON1-41
Added Pin To Net: NetName=3V3 Pin=CON1-42
Added Pin To Net: NetName=GND Pin=CON1-43
Added Pin To Net: NetName=GND Pin=CON1-44
Added Pin To Net: NetName=GPIO12 Pin=CON1-45
Added Pin To Net: NetName=GPIO32 Pin=CON1-46
Added Pin To Net: NetName=GPIO13 Pin=CON1-47
Added Pin To Net: NetName=GPIO33 Pin=CON1-48
Added Pin To Net: NetName=GND Pin=CON1-49
Added Pin To Net: NetName=GND Pin=CON1-50
Added Pin To Net: NetName=TXD0/GPIO14 Pin=CON1-51
Added Pin To Net: NetName=GPIO34 Pin=CON1-52
Added Pin To Net: NetName=RXD0/GPIO15 Pin=CON1-53
Added Pin To Net: NetName=GPIO35 Pin=CON1-54
Added Pin To Net: NetName=GND Pin=CON1-55
Added Pin To Net: NetName=GND Pin=CON1-56
Added Pin To Net: NetName=SFP_LOS_1/GPIO16/CTS0 Pin=CON1-57
Added Pin To Net: NetName=GPIO36 Pin=CON1-58
Added Pin To Net: NetName=GPIO17 Pin=CON1-59
Added Pin To Net: NetName=GPIO37 Pin=CON1-60
Added Pin To Net: NetName=GND Pin=CON1-61
Added Pin To Net: NetName=GND Pin=CON1-62
Added Pin To Net: NetName=RST/GPIO18 Pin=CON1-63
Added Pin To Net: NetName=GPIO38 Pin=CON1-64
Added Pin To Net: NetName=GPIO19 Pin=CON1-65
Added Pin To Net: NetName=GPIO39 Pin=CON1-66
Added Pin To Net: NetName=GND Pin=CON1-67
Added Pin To Net: NetName=GND Pin=CON1-68
Added Pin To Net: NetName=GPIO20 Pin=CON1-69
Added Pin To Net: NetName=GPIO40/TXD1 Pin=CON1-70
Added Pin To Net: NetName=GPIO21 Pin=CON1-71
Added Pin To Net: NetName=GPIO41/RXD1 Pin=CON1-72
Added Pin To Net: NetName=GND Pin=CON1-73
Added Pin To Net: NetName=GND Pin=CON1-74
Added Pin To Net: NetName=GPIO22 Pin=CON1-75
Added Pin To Net: NetName=SFP_PRESENT_2/GPIO42 Pin=CON1-76
Added Pin To Net: NetName=GPIO23 Pin=CON1-77
Added Pin To Net: NetName=SFP_LOS_2/GPIO43 Pin=CON1-78
Added Pin To Net: NetName=GND Pin=CON1-79
Added Pin To Net: NetName=GND Pin=CON1-80
Added Pin To Net: NetName=GPIO24 Pin=CON1-81
Added Pin To Net: NetName=SFP/GPIO44/SDA1 Pin=CON1-82
Added Pin To Net: NetName=GPIO25 Pin=CON1-83
Added Pin To Net: NetName=SFP/GPIO45/SCL1 Pin=CON1-84
Added Pin To Net: NetName=GND Pin=CON1-85
Added Pin To Net: NetName=GND Pin=CON1-86
Added Pin To Net: NetName=GPIO26 Pin=CON1-87
Added Pin To Net: NetName=GPIO27 Pin=CON1-89
Added Pin To Net: NetName=EMMC_EN_N_1V8 Pin=CON1-90
Added Pin To Net: NetName=GND Pin=CON1-91
Added Pin To Net: NetName=GND Pin=CON1-92
Added Pin To Net: NetName=GND Pin=CON1-97
Added Pin To Net: NetName=GND Pin=CON1-98
Added Pin To Net: NetName=GND Pin=CON1-103
Added Pin To Net: NetName=GND Pin=CON1-104
Added Pin To Net: NetName=GND Pin=CON1-109
Added Pin To Net: NetName=GND Pin=CON1-110
Added Pin To Net: NetName=GND Pin=CON1-115
Added Pin To Net: NetName=GND Pin=CON1-116
Added Pin To Net: NetName=GND Pin=CON1-121
Added Pin To Net: NetName=GND Pin=CON1-122
Added Pin To Net: NetName=GND Pin=CON1-127
Added Pin To Net: NetName=GND Pin=CON1-133
Added Pin To Net: NetName=GND Pin=CON1-134
Added Pin To Net: NetName=GND Pin=CON1-139
Added Pin To Net: NetName=GND Pin=CON1-140
Added Pin To Net: NetName=GND Pin=CON1-145
Added Pin To Net: NetName=GND Pin=CON1-146
Added Pin To Net: NetName=CAM1_C_P Pin=CON1-147
Added Pin To Net: NetName=CAM1_C_N Pin=CON1-149
Added Pin To Net: NetName=GND Pin=CON1-151
Added Pin To Net: NetName=GND Pin=CON1-152
Added Pin To Net: NetName=CAM1_D1_P Pin=CON1-153
Added Pin To Net: NetName=CAM1_D1_N Pin=CON1-155
Added Pin To Net: NetName=GND Pin=CON1-157
Added Pin To Net: NetName=CAM1_D0_P Pin=CON1-159
Added Pin To Net: NetName=CAM1_D0_N Pin=CON1-161
Added Pin To Net: NetName=GND Pin=CON1-163
Added Pin To Net: NetName=GND Pin=CON1-164
Added Pin To Net: NetName=USB_CM_P Pin=CON1-165
Added Pin To Net: NetName=USB_CM_N Pin=CON1-167
Added Pin To Net: NetName=GND Pin=CON1-169
Added Pin To Net: NetName=GND Pin=CON1-170
Added Pin To Net: NetName=GND Pin=CON1-181
Added Pin To Net: NetName=GND Pin=CON1-182
Added Pin To Net: NetName=CM_1V8 Pin=CON1-183
Added Pin To Net: NetName=CM_1V8 Pin=CON1-184
Added Pin To Net: NetName=CM_1V8 Pin=CON1-185
Added Pin To Net: NetName=CM_1V8 Pin=CON1-186
Added Pin To Net: NetName=GND Pin=CON1-187
Added Pin To Net: NetName=GND Pin=CON1-188
Added Pin To Net: NetName=CM_3V3 Pin=CON1-189
Added Pin To Net: NetName=CM_3V3 Pin=CON1-190
Added Pin To Net: NetName=CM_3V3 Pin=CON1-191
Added Pin To Net: NetName=CM_3V3 Pin=CON1-192
Added Pin To Net: NetName=CM_3V3 Pin=CON1-193
Added Pin To Net: NetName=CM_3V3 Pin=CON1-194
Added Pin To Net: NetName=GND Pin=CON1-195
Added Pin To Net: NetName=GND Pin=CON1-196
Added Pin To Net: NetName=CM_VBAT Pin=CON1-197
Added Pin To Net: NetName=CM_VBAT Pin=CON1-198
Added Pin To Net: NetName=CM_VBAT Pin=CON1-199
Added Pin To Net: NetName=CM_VBAT Pin=CON1-200
Added Pin To Net: NetName=GND Pin=CON2-1
Added Pin To Net: NetName=GND Pin=CON2-1
Added Pin To Net: NetName=CAM1_D0_N Pin=CON2-2
Added Pin To Net: NetName=CAM1_D0_N Pin=CON2-2
Added Pin To Net: NetName=CAM1_D0_P Pin=CON2-3
Added Pin To Net: NetName=CAM1_D0_P Pin=CON2-3
Added Pin To Net: NetName=GND Pin=CON2-4
Added Pin To Net: NetName=GND Pin=CON2-4
Added Pin To Net: NetName=CAM1_D1_N Pin=CON2-5
Added Pin To Net: NetName=CAM1_D1_N Pin=CON2-5
Added Pin To Net: NetName=CAM1_D1_P Pin=CON2-6
Added Pin To Net: NetName=CAM1_D1_P Pin=CON2-6
Added Pin To Net: NetName=GND Pin=CON2-7
Added Pin To Net: NetName=GND Pin=CON2-7
Added Pin To Net: NetName=CAM1_C_N Pin=CON2-8
Added Pin To Net: NetName=CAM1_C_N Pin=CON2-8
Added Pin To Net: NetName=CAM1_C_P Pin=CON2-9
Added Pin To Net: NetName=CAM1_C_P Pin=CON2-9
Added Pin To Net: NetName=GND Pin=CON2-10
Added Pin To Net: NetName=GND Pin=CON2-10
Added Pin To Net: NetName=CAM1_GPIO Pin=CON2-11
Added Pin To Net: NetName=CAM1_GPIO Pin=CON2-11
Added Pin To Net: NetName=CAM1_CLK Pin=CON2-12
Added Pin To Net: NetName=CAM1_CLK Pin=CON2-12
Added Pin To Net: NetName=CAM1/GPIO1/SCL0 Pin=CON2-13
Added Pin To Net: NetName=CAM1/GPIO1/SCL0 Pin=CON2-13
Added Pin To Net: NetName=CAM1/GPIO0/SDA0 Pin=CON2-14
Added Pin To Net: NetName=CAM1/GPIO0/SDA0 Pin=CON2-14
Added Pin To Net: NetName=+9V Pin=CON3-1
Added Pin To Net: NetName=GPIO19 Pin=CON3-2
Added Pin To Net: NetName=RXD0/GPIO15 Pin=CON3-3
Added Pin To Net: NetName=GND Pin=CON3-4
Added Pin To Net: NetName=RST/GPIO18 Pin=CON3-5
Added Pin To Net: NetName=TXD0/GPIO14 Pin=CON3-6
Added Pin To Net: NetName=VBUSB Pin=CON4-1
Added Pin To Net: NetName=USB_PROG_N Pin=CON4-2
Added Pin To Net: NetName=USB_PROG_P Pin=CON4-3
Added Pin To Net: NetName=GND Pin=CON4-5
Added Pin To Net: NetName=GND Pin=CON4-6
Added Pin To Net: NetName=GND Pin=CON4-7
Added Pin To Net: NetName=GND Pin=CON4-8
Added Pin To Net: NetName=GND Pin=CON4-9
Added Pin To Net: NetName=GND Pin=CON4-10
Added Pin To Net: NetName=GND Pin=CON4-11
Added Pin To Net: NetName=5V Pin=CON5-1
Added Pin To Net: NetName=USB_2_N Pin=CON5-2
Added Pin To Net: NetName=USB_2_P Pin=CON5-3
Added Pin To Net: NetName=GND Pin=CON5-4
Added Pin To Net: NetName=GND Pin=CON5-6
Added Pin To Net: NetName=GND Pin=CON5-6
Added Pin To Net: NetName=GND Pin=CON5-6
Added Pin To Net: NetName=GND Pin=CON5-6
Added Pin To Net: NetName=GND Pin=D1-1
Added Pin To Net: NetName=NetD2_1 Pin=D2-1
Added Pin To Net: NetName=NetD2_2 Pin=D2-2
Added Pin To Net: NetName=NetL1_1 Pin=L1-1
Added Pin To Net: NetName=3V3 Pin=L1-2
Added Pin To Net: NetName=NetL2_1 Pin=L2-1
Added Pin To Net: NetName=1V8 Pin=L2-2
Added Pin To Net: NetName=POE_V+ Pin=L3-1
Added Pin To Net: NetName=3V3 Pin=L4-1
Added Pin To Net: NetName=VDD33A Pin=L4-2
Added Pin To Net: NetName=VDD18USBPLL Pin=L5-1
Added Pin To Net: NetName=VDD18ETHPLL Pin=L5-2
Added Pin To Net: NetName=GND Pin=LED1-1
Added Pin To Net: NetName=5V Pin=LED1-3
Added Pin To Net: NetName=GND Pin=P1-1
Added Pin To Net: NetName=NetP1_2 Pin=P1-2
Added Pin To Net: NetName=VBUSB Pin=P1-3
Added Pin To Net: NetName=POE_V- Pin=P2-1
Added Pin To Net: NetName=POE_V+ Pin=P2-2
Added Pin To Net: NetName=SFP/GPIO44/SDA1 Pin=P3-1
Added Pin To Net: NetName=SFP/GPIO45/SCL1 Pin=P3-2
Added Pin To Net: NetName=GND Pin=P3-11
Added Pin To Net: NetName=GND Pin=P3-12
Added Pin To Net: NetName=GPIO37 Pin=P3-13
Added Pin To Net: NetName=GPIO38 Pin=P3-15
Added Pin To Net: NetName=GPIO30/CTS1 Pin=P3-17
Added Pin To Net: NetName=GPIO39 Pin=P3-19
Added Pin To Net: NetName=GPIO31/RTS1 Pin=P3-20
Added Pin To Net: NetName=GPIO41/RXD1 Pin=P3-23
Added Pin To Net: NetName=GPIO40/TXD1 Pin=P3-24
Added Pin To Net: NetName=GND Pin=P3-25
Added Pin To Net: NetName=GND Pin=P3-26
Added Pin To Net: NetName=USB_H_P Pin=P3-27
Added Pin To Net: NetName=USB_H_N Pin=P3-28
Added Pin To Net: NetName=GND Pin=P4-1
Added Pin To Net: NetName=5V Pin=P4-3
Added Pin To Net: NetName=GPIO32 Pin=P5-3
Added Pin To Net: NetName=GPIO33 Pin=P5-4
Added Pin To Net: NetName=GPIO34 Pin=P5-5
Added Pin To Net: NetName=GPIO41/RXD1 Pin=P5-6
Added Pin To Net: NetName=GPIO36 Pin=P5-7
Added Pin To Net: NetName=SFP/GPIO44/SDA1 Pin=P5-8
Added Pin To Net: NetName=SFP/GPIO45/SCL1 Pin=P5-9
Added Pin To Net: NetName=GND Pin=P5-10
Added Pin To Net: NetName=SFP/GPIO44/SDA1 Pin=P6-10
Added Pin To Net: NetName=SFP/GPIO3/SCL1 Pin=P6-11
Added Pin To Net: NetName=SFP/GPIO45/SCL1 Pin=P6-12
Added Pin To Net: NetName=SFP/GPIO2/SDA1 Pin=P6-13
Added Pin To Net: NetName=EMMC_DISABLE_N Pin=Q1-1
Added Pin To Net: NetName=NetP1_2 Pin=Q1-2
Added Pin To Net: NetName=NetD2_1 Pin=Q1-3
Added Pin To Net: NetName=NetD2_1 Pin=Q2-1
Added Pin To Net: NetName=EMMC_EN_N_1V8 Pin=Q2-2
Added Pin To Net: NetName=GND Pin=Q2-3
Added Pin To Net: NetName=NetQ3_1 Pin=Q3-1
Added Pin To Net: NetName=VBUSB Pin=Q3-2
Added Pin To Net: NetName=GND Pin=Q3-3
Added Pin To Net: NetName=5V Pin=R1-1
Added Pin To Net: NetName=CM_VBAT Pin=R1-2
Added Pin To Net: NetName=3V3 Pin=R2-1
Added Pin To Net: NetName=CM_3V3 Pin=R2-2
Added Pin To Net: NetName=5V Pin=R3-2
Added Pin To Net: NetName=1V8 Pin=R4-1
Added Pin To Net: NetName=CM_1V8 Pin=R4-2
Added Pin To Net: NetName=GND Pin=R5-1
Added Pin To Net: NetName=NetCON1_30 Pin=R5-2
Added Pin To Net: NetName=GND Pin=R6-1
Added Pin To Net: NetName=NetCON1_28 Pin=R6-2
Added Pin To Net: NetName=3V3 Pin=R7-2
Added Pin To Net: NetName=NetD2_2 Pin=R8-1
Added Pin To Net: NetName=3V3 Pin=R8-2
Added Pin To Net: NetName=GND Pin=R9-1
Added Pin To Net: NetName=NetP1_2 Pin=R9-2
Added Pin To Net: NetName=EMMC_EN_N_1V8 Pin=R10-1
Added Pin To Net: NetName=1V8 Pin=R10-2
Added Pin To Net: NetName=SFP/GPIO44/SDA1 Pin=R11-1
Added Pin To Net: NetName=3V3 Pin=R11-2
Added Pin To Net: NetName=SFP/GPIO45/SCL1 Pin=R12-1
Added Pin To Net: NetName=3V3 Pin=R12-2
Added Pin To Net: NetName=CAM1/GPIO1/SCL0 Pin=R13-1
Added Pin To Net: NetName=3V3 Pin=R13-2
Added Pin To Net: NetName=CAM1/GPIO0/SDA0 Pin=R14-1
Added Pin To Net: NetName=3V3 Pin=R14-2
Added Pin To Net: NetName=3V3 Pin=R15-1
Added Pin To Net: NetName=USB_H_P Pin=R16-1
Added Pin To Net: NetName=USB_CM_P Pin=R16-2
Added Pin To Net: NetName=USB_H_N Pin=R17-1
Added Pin To Net: NetName=USB_CM_N Pin=R17-2
Added Pin To Net: NetName=USB_SW_P Pin=R18-1
Added Pin To Net: NetName=USB_CM_P Pin=R18-2
Added Pin To Net: NetName=USB_SW_N Pin=R19-1
Added Pin To Net: NetName=USB_CM_N Pin=R19-2
Added Pin To Net: NetName=GPIO40/TXD1 Pin=R20-1
Added Pin To Net: NetName=3V3 Pin=R22-2
Added Pin To Net: NetName=5V Pin=R23-1
Added Pin To Net: NetName=3V3 Pin=R24-1
Added Pin To Net: NetName=5V Pin=R25-1
Added Pin To Net: NetName=5V Pin=R26-2
Added Pin To Net: NetName=GND Pin=R27-2
Added Pin To Net: NetName=GND Pin=R28-2
Added Pin To Net: NetName=VDD33A Pin=R29-1
Added Pin To Net: NetName=ETH_TX_P Pin=R29-2
Added Pin To Net: NetName=VDD33A Pin=R30-1
Added Pin To Net: NetName=ETH_TX_N Pin=R30-2
Added Pin To Net: NetName=VDD33A Pin=R31-1
Added Pin To Net: NetName=ETH_RX_P Pin=R31-2
Added Pin To Net: NetName=VDD33A Pin=R32-1
Added Pin To Net: NetName=ETH_RX_N Pin=R32-2
Added Pin To Net: NetName=VDD33A Pin=R33-1
Added Pin To Net: NetName=3V3 Pin=R34-2
Added Pin To Net: NetName=3V3 Pin=R35-1
Added Pin To Net: NetName=3V3 Pin=R36-1
Added Pin To Net: NetName=GND Pin=R37-1
Added Pin To Net: NetName=3V3 Pin=R38-2
Added Pin To Net: NetName=XO Pin=R39-1
Added Pin To Net: NetName=XI Pin=R39-2
Added Pin To Net: NetName=GND Pin=R40-1
Added Pin To Net: NetName=NetR40_2 Pin=R40-2
Added Pin To Net: NetName=NRESET Pin=R41-1
Added Pin To Net: NetName=3V3 Pin=R41-2
Added Pin To Net: NetName=3V3 Pin=R42-1
Added Pin To Net: NetName=NetQ3_1 Pin=R42-2
Added Pin To Net: NetName=GND Pin=R43-1
Added Pin To Net: NetName=VBUSB Pin=R43-2
Added Pin To Net: NetName=SFP_LOS_1/GPIO16/CTS0 Pin=R50-2
Added Pin To Net: NetName=SFP_PRESENT_1/GPIO7 Pin=R51-2
Added Pin To Net: NetName=SFP_LOS_2/GPIO43 Pin=R52-2
Added Pin To Net: NetName=SFP_PRESENT_2/GPIO42 Pin=R53-2
Added Pin To Net: NetName=GND Pin=R55-1
Added Pin To Net: NetName=GND Pin=R57-1
Added Pin To Net: NetName=SFP/GPIO2/SDA1 Pin=R58-1
Added Pin To Net: NetName=SFP/GPIO3/SCL1 Pin=R59-1
Added Pin To Net: NetName=SFP/GPIO44/SDA1 Pin=R60-1
Added Pin To Net: NetName=SFP/GPIO45/SCL1 Pin=R61-1
Added Pin To Net: NetName=GND Pin=SW1-2
Added Pin To Net: NetName=3V3 Pin=SW1-3
Added Pin To Net: NetName=ETH_TX_P Pin=T1-1
Added Pin To Net: NetName=ETH_RX_P Pin=T1-2
Added Pin To Net: NetName=POE_V+ Pin=T1-6
Added Pin To Net: NetName=ETH_TX_N Pin=T1-8
Added Pin To Net: NetName=ETH_RX_N Pin=T1-9
Added Pin To Net: NetName=POE_V- Pin=T1-11
Added Pin To Net: NetName=NSPD_LED Pin=T1-13
Added Pin To Net: NetName=NLNKA_LED Pin=T1-14
Added Pin To Net: NetName=3V3 Pin=TP1-1
Added Pin To Net: NetName=1V8 Pin=TP2-1
Added Pin To Net: NetName=RST/GPIO18 Pin=TP3-1
Added Pin To Net: NetName=+9V Pin=TP4-1
Added Pin To Net: NetName=USB_CM_P Pin=TP5-1
Added Pin To Net: NetName=USB_CM_N Pin=TP6-1
Added Pin To Net: NetName=TXD0/GPIO14 Pin=TP7-1
Added Pin To Net: NetName=RXD0/GPIO15 Pin=TP8-1
Added Pin To Net: NetName=5V Pin=TP9-1
Added Pin To Net: NetName=ETH_TX_N Pin=TP13-1
Added Pin To Net: NetName=ETH_TX_P Pin=TP14-1
Added Pin To Net: NetName=ETH_RX_N Pin=TP15-1
Added Pin To Net: NetName=ETH_RX_P Pin=TP16-1
Added Pin To Net: NetName=USB_HUB_N Pin=TP17-1
Added Pin To Net: NetName=USB_HUB_P Pin=TP18-1
Added Pin To Net: NetName=NRESET Pin=TP19-1
Added Pin To Net: NetName=VBUSB Pin=TP20-1
Added Pin To Net: NetName=NetQ3_1 Pin=TP22-1
Added Pin To Net: NetName=5V Pin=U1-1
Added Pin To Net: NetName=NetL2_1 Pin=U1-2
Added Pin To Net: NetName=GND Pin=U1-3
Added Pin To Net: NetName=3V3 Pin=U1-4
Added Pin To Net: NetName=5V Pin=U1-6
Added Pin To Net: NetName=5V Pin=U1-7
Added Pin To Net: NetName=NetL1_1 Pin=U1-8
Added Pin To Net: NetName=GND Pin=U1-9
Added Pin To Net: NetName=1V8 Pin=U1-10
Added Pin To Net: NetName=GND Pin=U1-13
Added Pin To Net: NetName=GND Pin=U2-1
Added Pin To Net: NetName=5V Pin=U2-3
Added Pin To Net: NetName=POE_V- Pin=U3-1
Added Pin To Net: NetName=+9V Pin=U3-6
Added Pin To Net: NetName=GND Pin=U3-7
Added Pin To Net: NetName=POE_V+ Pin=U4-1
Added Pin To Net: NetName=POE_V- Pin=U4-2
Added Pin To Net: NetName=5V Pin=U4-3
Added Pin To Net: NetName=GND Pin=U4-5
Added Pin To Net: NetName=USB_2_N Pin=U5-1
Added Pin To Net: NetName=USB_2_P Pin=U5-2
Added Pin To Net: NetName=VDD33A Pin=U5-5
Added Pin To Net: NetName=VDD33A Pin=U5-10
Added Pin To Net: NetName=3V3 Pin=U5-11
Added Pin To Net: NetName=NRESET Pin=U5-12
Added Pin To Net: NetName=VDD18CORE Pin=U5-15
Added Pin To Net: NetName=3V3 Pin=U5-19
Added Pin To Net: NetName=NLNKA_LED Pin=U5-21
Added Pin To Net: NetName=NSPD_LED Pin=U5-22
Added Pin To Net: NetName=3V3 Pin=U5-27
Added Pin To Net: NetName=3V3 Pin=U5-33
Added Pin To Net: NetName=GND Pin=U5-34
Added Pin To Net: NetName=VDD18CORE Pin=U5-38
Added Pin To Net: NetName=3V3 Pin=U5-39
Added Pin To Net: NetName=3V3 Pin=U5-40
Added Pin To Net: NetName=GND Pin=U5-44
Added Pin To Net: NetName=3V3 Pin=U5-46
Added Pin To Net: NetName=VDD18ETHPLL Pin=U5-48
Added Pin To Net: NetName=VDD33A Pin=U5-49
Added Pin To Net: NetName=VDD33A Pin=U5-51
Added Pin To Net: NetName=ETH_RX_P Pin=U5-52
Added Pin To Net: NetName=ETH_RX_N Pin=U5-53
Added Pin To Net: NetName=VDD33A Pin=U5-54
Added Pin To Net: NetName=ETH_TX_P Pin=U5-55
Added Pin To Net: NetName=ETH_TX_N Pin=U5-56
Added Pin To Net: NetName=VDD33A Pin=U5-57
Added Pin To Net: NetName=USB_HUB_N Pin=U5-58
Added Pin To Net: NetName=USB_HUB_P Pin=U5-59
Added Pin To Net: NetName=XO Pin=U5-60
Added Pin To Net: NetName=XI Pin=U5-61
Added Pin To Net: NetName=VDD18USBPLL Pin=U5-62
Added Pin To Net: NetName=NetR40_2 Pin=U5-63
Added Pin To Net: NetName=VDD33A Pin=U5-64
Added Pin To Net: NetName=3V3 Pin=U6-1
Added Pin To Net: NetName=NetQ3_1 Pin=U6-2
Added Pin To Net: NetName=USB_SW_N Pin=U6-3
Added Pin To Net: NetName=USB_SW_P Pin=U6-4
Added Pin To Net: NetName=GND Pin=U6-5
Added Pin To Net: NetName=USB_PROG_N Pin=U6-6
Added Pin To Net: NetName=USB_PROG_P Pin=U6-7
Added Pin To Net: NetName=USB_HUB_N Pin=U6-8
Added Pin To Net: NetName=USB_HUB_P Pin=U6-9
Added Pin To Net: NetName=GND Pin=U6-10
Added Pin To Net: NetName=GND Pin=U7-1
Added Pin To Net: NetName=SFP/GPIO44/SDA1 Pin=U7-3
Added Pin To Net: NetName=SFP/GPIO45/SCL1 Pin=U7-4
Added Pin To Net: NetName=GND Pin=U7-5
Added Pin To Net: NetName=GND Pin=U7-7
Added Pin To Net: NetName=XO Pin=Y1-1
Added Pin To Net: NetName=XI Pin=Y1-2
Added Pin To Net: NetName=GND Pin=Y1-3
Added Pin To Net: NetName=GND Pin=Y1-3
Added Pin To Net: NetName=LOS_1 Pin=D3-1
Added Pin To Net: NetName=LOS_1 Pin=P6-5
Added Pin To Net: NetName=LOS_1 Pin=R46-1
Added Pin To Net: NetName=LOS_1 Pin=R50-1
Added Net: Name=LOS_1
Added Pin To Net: NetName=LOS_2 Pin=D4-1
Added Pin To Net: NetName=LOS_2 Pin=P6-18
Added Pin To Net: NetName=LOS_2 Pin=R48-1
Added Pin To Net: NetName=LOS_2 Pin=R52-1
Added Net: Name=LOS_2
Added Pin To Net: NetName=MOD_DEF_0_1 Pin=P6-9
Added Pin To Net: NetName=MOD_DEF_0_1 Pin=R47-1
Added Pin To Net: NetName=MOD_DEF_0_1 Pin=R51-1
Added Net: Name=MOD_DEF_0_1
Added Pin To Net: NetName=MOD_DEF_0_2 Pin=P6-14
Added Pin To Net: NetName=MOD_DEF_0_2 Pin=R49-1
Added Pin To Net: NetName=MOD_DEF_0_2 Pin=R53-1
Added Net: Name=MOD_DEF_0_2
Added Pin To Net: NetName=NetC7_2 Pin=C7-2
Added Pin To Net: NetName=NetC7_2 Pin=R3-1
Added Pin To Net: NetName=NetC7_2 Pin=U1-12
Added Net: Name=NetC7_2
Added Pin To Net: NetName=NetC13_1 Pin=C13-1
Added Pin To Net: NetName=NetC13_1 Pin=C15-2
Added Pin To Net: NetName=NetC13_1 Pin=L3-2
Added Pin To Net: NetName=NetC13_1 Pin=U3-2
Added Net: Name=NetC13_1
Added Pin To Net: NetName=NetC16_1 Pin=C16-1
Added Pin To Net: NetName=NetC16_1 Pin=CON2-15
Added Pin To Net: NetName=NetC16_1 Pin=CON2-15
Added Pin To Net: NetName=NetC16_1 Pin=R15-2
Added Pin To Net: NetName=NetC16_1 Pin=SW1-1
Added Net: Name=NetC16_1
Added Pin To Net: NetName=NetC26_1 Pin=C26-1
Added Pin To Net: NetName=NetC26_1 Pin=R33-2
Added Pin To Net: NetName=NetC26_1 Pin=T1-7
Added Net: Name=NetC26_1
Added Pin To Net: NetName=NetD1_2 Pin=D1-2
Added Pin To Net: NetName=NetD1_2 Pin=R7-1
Added Net: Name=NetD1_2
Added Pin To Net: NetName=NetD3_2 Pin=D3-2
Added Pin To Net: NetName=NetD3_2 Pin=R44-2
Added Net: Name=NetD3_2
Added Pin To Net: NetName=NetD4_2 Pin=D4-2
Added Pin To Net: NetName=NetD4_2 Pin=R45-2
Added Net: Name=NetD4_2
Added Pin To Net: NetName=NetLED1_2 Pin=LED1-2
Added Pin To Net: NetName=NetLED1_2 Pin=R20-2
Added Pin To Net: NetName=NetLED1_2 Pin=R21-2
Added Net: Name=NetLED1_2
Added Pin To Net: NetName=NetLED1_4 Pin=LED1-4
Added Pin To Net: NetName=NetLED1_4 Pin=P4-2
Added Pin To Net: NetName=NetLED1_4 Pin=R21-1
Added Net: Name=NetLED1_4
Added Pin To Net: NetName=NetP3_16 Pin=P3-16
Added Pin To Net: NetName=NetP3_16 Pin=R22-1
Added Net: Name=NetP3_16
Added Pin To Net: NetName=NetP3_29 Pin=P3-29
Added Pin To Net: NetName=NetP3_29 Pin=R25-2
Added Net: Name=NetP3_29
Added Pin To Net: NetName=NetP3_30 Pin=P3-30
Added Pin To Net: NetName=NetP3_30 Pin=R26-1
Added Net: Name=NetP3_30
Added Pin To Net: NetName=NetP5_1 Pin=P5-1
Added Pin To Net: NetName=NetP5_1 Pin=R23-2
Added Net: Name=NetP5_1
Added Pin To Net: NetName=NetP5_2 Pin=P5-2
Added Pin To Net: NetName=NetP5_2 Pin=R24-2
Added Net: Name=NetP5_2
Added Pin To Net: NetName=NetR27_1 Pin=R27-1
Added Pin To Net: NetName=NetR27_1 Pin=T1-5
Added Net: Name=NetR27_1
Added Pin To Net: NetName=NetR28_1 Pin=R28-1
Added Pin To Net: NetName=NetR28_1 Pin=T1-10
Added Net: Name=NetR28_1
Added Pin To Net: NetName=NetR34_1 Pin=R34-1
Added Pin To Net: NetName=NetR34_1 Pin=U5-41
Added Net: Name=NetR34_1
Added Pin To Net: NetName=NetR35_2 Pin=R35-2
Added Pin To Net: NetName=NetR35_2 Pin=T1-12
Added Net: Name=NetR35_2
Added Pin To Net: NetName=NetR36_2 Pin=R36-2
Added Pin To Net: NetName=NetR36_2 Pin=T1-15
Added Net: Name=NetR36_2
Added Pin To Net: NetName=NetR37_2 Pin=R37-2
Added Pin To Net: NetName=NetR37_2 Pin=U5-50
Added Net: Name=NetR37_2
Added Pin To Net: NetName=NetR38_1 Pin=R38-1
Added Pin To Net: NetName=NetR38_1 Pin=U5-28
Added Net: Name=NetR38_1
Added Pin To Net: NetName=RATE_SEL_1 Pin=P6-7
Added Pin To Net: NetName=RATE_SEL_1 Pin=R54-1
Added Net: Name=RATE_SEL_1
Added Pin To Net: NetName=RATE_SEL_2 Pin=P6-16
Added Pin To Net: NetName=RATE_SEL_2 Pin=R56-1
Added Net: Name=RATE_SEL_2
Added Pin To Net: NetName=SFP_3V3 Pin=C12-2
Added Pin To Net: NetName=SFP_3V3 Pin=C50-2
Added Pin To Net: NetName=SFP_3V3 Pin=C51-2
Added Pin To Net: NetName=SFP_3V3 Pin=C55-2
Added Pin To Net: NetName=SFP_3V3 Pin=C57-2
Added Pin To Net: NetName=SFP_3V3 Pin=C59-2
Added Pin To Net: NetName=SFP_3V3 Pin=C61-2
Added Pin To Net: NetName=SFP_3V3 Pin=L6-2
Added Pin To Net: NetName=SFP_3V3 Pin=L7-2
Added Pin To Net: NetName=SFP_3V3 Pin=L8-2
Added Pin To Net: NetName=SFP_3V3 Pin=L9-2
Added Pin To Net: NetName=SFP_3V3 Pin=R44-1
Added Pin To Net: NetName=SFP_3V3 Pin=R45-1
Added Pin To Net: NetName=SFP_3V3 Pin=R46-2
Added Pin To Net: NetName=SFP_3V3 Pin=R47-2
Added Pin To Net: NetName=SFP_3V3 Pin=R48-2
Added Pin To Net: NetName=SFP_3V3 Pin=R49-2
Added Pin To Net: NetName=SFP_3V3 Pin=R54-2
Added Pin To Net: NetName=SFP_3V3 Pin=R56-2
Added Pin To Net: NetName=SFP_3V3 Pin=R58-2
Added Pin To Net: NetName=SFP_3V3 Pin=R59-2
Added Pin To Net: NetName=SFP_3V3 Pin=R60-2
Added Pin To Net: NetName=SFP_3V3 Pin=R61-2
Added Pin To Net: NetName=SFP_3V3 Pin=U2-2
Added Pin To Net: NetName=SFP_3V3 Pin=U2-2
Added Pin To Net: NetName=SFP_3V3 Pin=U7-2
Added Pin To Net: NetName=SFP_3V3 Pin=U7-6
Added Pin To Net: NetName=SFP_3V3 Pin=U7-8
Added Net: Name=SFP_3V3
Added Pin To Net: NetName=TX_DISABLE_1 Pin=P6-15
Added Pin To Net: NetName=TX_DISABLE_1 Pin=R55-2
Added Net: Name=TX_DISABLE_1
Added Pin To Net: NetName=TX_DISABLE_2 Pin=P6-8
Added Pin To Net: NetName=TX_DISABLE_2 Pin=R57-2
Added Net: Name=TX_DISABLE_2
Added Pin To Net: NetName=TX_FAULT_1 Pin=P6-17
Added Net: Name=TX_FAULT_1
Added Pin To Net: NetName=TX_FAULT_2 Pin=P6-6
Added Net: Name=TX_FAULT_2
Added Pin To Net: NetName=VCCR_1 Pin=C54-2
Added Pin To Net: NetName=VCCR_1 Pin=C58-2
Added Pin To Net: NetName=VCCR_1 Pin=L8-1
Added Pin To Net: NetName=VCCR_1 Pin=P6-3
Added Net: Name=VCCR_1
Added Pin To Net: NetName=VCCR_2 Pin=C56-2
Added Pin To Net: NetName=VCCR_2 Pin=C60-2
Added Pin To Net: NetName=VCCR_2 Pin=L9-1
Added Pin To Net: NetName=VCCR_2 Pin=P6-1
Added Net: Name=VCCR_2
Added Pin To Net: NetName=VCCT_1 Pin=C52-2
Added Pin To Net: NetName=VCCT_1 Pin=L6-1
Added Pin To Net: NetName=VCCT_1 Pin=P6-4
Added Net: Name=VCCT_1
Added Pin To Net: NetName=VCCT_2 Pin=C53-2
Added Pin To Net: NetName=VCCT_2 Pin=L7-1
Added Pin To Net: NetName=VCCT_2 Pin=P6-2
Added Net: Name=VCCT_2
Added Class: Name=PAGE4 - SFP
Added Member To Class: ClassName=PAGE2 - PWR, MODULE Member=Component C1 47uF /10V
Added Member To Class: ClassName=PAGE2 - PWR, MODULE Member=Component C2 10uF /16V
Added Member To Class: ClassName=PAGE2 - PWR, MODULE Member=Component C3 47uF /10V
Added Member To Class: ClassName=PAGE2 - PWR, MODULE Member=Component C4 10uF /16V
Added Member To Class: ClassName=PAGE2 - PWR, MODULE Member=Component C5 10uF /16V
Added Member To Class: ClassName=PAGE2 - PWR, MODULE Member=Component C6 10uF /16V
Added Member To Class: ClassName=PAGE2 - PWR, MODULE Member=Component C7 100nF
Added Member To Class: ClassName=PAGE2 - PWR, MODULE Member=Component C8 47uF /10V
Added Member To Class: ClassName=PAGE2 - PWR, MODULE Member=Component C9 1uF /16V
Added Member To Class: ClassName=PAGE2 - PWR, MODULE Member=Component C10 1uF /16V
Added Member To Class: ClassName=PAGE2 - PWR, MODULE Member=Component C11 10uF /16V
Added Member To Class: ClassName=PAGE2 - PWR, MODULE Member=Component C12 10uF /16V
Added Member To Class: ClassName=PAGE2 - PWR, MODULE Member=Component C13 220pF /2kV
Added Member To Class: ClassName=PAGE2 - PWR, MODULE Member=Component C14 10uF /50V
Added Member To Class: ClassName=PAGE2 - PWR, MODULE Member=Component C15 10uF /50V
Added Member To Class: ClassName=PAGE2 - PWR, MODULE Member=Component C16 100nF
Added Member To Class: ClassName=PAGE2 - PWR, MODULE Member=Component C17 220pF /2kV
Added Member To Class: ClassName=PAGE2 - PWR, MODULE Member=Component C18 1uF /16V
Added Member To Class: ClassName=PAGE2 - PWR, MODULE Member=Component C19 10uF /50V
Added Member To Class: ClassName=PAGE2 - PWR, MODULE Member=Component C20 10uF /16V
Added Member To Class: ClassName=PAGE2 - PWR, MODULE Member=Component C21 100nF
Added Member To Class: ClassName=PAGE3 - HUB, USB, ETH Member=Component C22 20pF
Added Member To Class: ClassName=PAGE3 - HUB, USB, ETH Member=Component C23 20pF
Added Member To Class: ClassName=PAGE3 - HUB, USB, ETH Member=Component C24 20pF
Added Member To Class: ClassName=PAGE3 - HUB, USB, ETH Member=Component C25 20pF
Added Member To Class: ClassName=PAGE3 - HUB, USB, ETH Member=Component C26 100nF
Added Member To Class: ClassName=PAGE3 - HUB, USB, ETH Member=Component C27 100nF
Added Member To Class: ClassName=PAGE3 - HUB, USB, ETH Member=Component C28 100nF
Added Member To Class: ClassName=PAGE3 - HUB, USB, ETH Member=Component C29 100nF
Added Member To Class: ClassName=PAGE3 - HUB, USB, ETH Member=Component C30 100nF
Added Member To Class: ClassName=PAGE3 - HUB, USB, ETH Member=Component C31 100nF
Added Member To Class: ClassName=PAGE3 - HUB, USB, ETH Member=Component C32 100nF
Added Member To Class: ClassName=PAGE3 - HUB, USB, ETH Member=Component C33 100nF
Added Member To Class: ClassName=PAGE3 - HUB, USB, ETH Member=Component C34 100nF
Added Member To Class: ClassName=PAGE3 - HUB, USB, ETH Member=Component C35 100nF
Added Member To Class: ClassName=PAGE3 - HUB, USB, ETH Member=Component C36 100nF
Added Member To Class: ClassName=PAGE3 - HUB, USB, ETH Member=Component C37 100nF
Added Member To Class: ClassName=PAGE3 - HUB, USB, ETH Member=Component C38 100nF
Added Member To Class: ClassName=PAGE3 - HUB, USB, ETH Member=Component C39 100nF
Added Member To Class: ClassName=PAGE3 - HUB, USB, ETH Member=Component C40 100nF
Added Member To Class: ClassName=PAGE3 - HUB, USB, ETH Member=Component C41 33pF
Added Member To Class: ClassName=PAGE3 - HUB, USB, ETH Member=Component C42 33pF
Added Member To Class: ClassName=PAGE3 - HUB, USB, ETH Member=Component C43 1uF /16V
Added Member To Class: ClassName=PAGE3 - HUB, USB, ETH Member=Component C44 100nF
Added Member To Class: ClassName=PAGE3 - HUB, USB, ETH Member=Component C45 100nF
Added Member To Class: ClassName=PAGE3 - HUB, USB, ETH Member=Component C46 100nF
Added Member To Class: ClassName=PAGE3 - HUB, USB, ETH Member=Component C47 10uF /16V
Added Member To Class: ClassName=PAGE3 - HUB, USB, ETH Member=Component C48 100nF
Added Member To Class: ClassName=PAGE3 - HUB, USB, ETH Member=Component C49 10uF /16V
Added Member To Class: ClassName=PAGE2 - PWR, MODULE Member=Component CON1 1473005-4
Added Member To Class: ClassName=PAGE2 - PWR, MODULE Member=Component CON2 1-1734248-5
Added Member To Class: ClassName=PAGE2 - PWR, MODULE Member=Component CON3 MICROMATCH 6 SMD
Added Member To Class: ClassName=PAGE3 - HUB, USB, ETH Member=Component CON4 10104110-0001LF
Added Member To Class: ClassName=PAGE3 - HUB, USB, ETH Member=Component CON5 USB A, Right angle
Added Member To Class: ClassName=PAGE2 - PWR, MODULE Member=Component D1 LED RED
Added Member To Class: ClassName=PAGE2 - PWR, MODULE Member=Component D2 LED RED
Added Member To Class: ClassName=PAGE2 - PWR, MODULE Member=Component FID1 FID_1MMC
Added Member To Class: ClassName=PAGE2 - PWR, MODULE Member=Component FID2 FID_1MMC
Added Member To Class: ClassName=PAGE2 - PWR, MODULE Member=Component L1 SRN4018-4R7M
Added Member To Class: ClassName=PAGE2 - PWR, MODULE Member=Component L2 SRN4018-4R7M
Added Member To Class: ClassName=PAGE2 - PWR, MODULE Member=Component L3 10uH / 500mA
Added Member To Class: ClassName=PAGE3 - HUB, USB, ETH Member=Component L4 BLM18EG221SN1D
Added Member To Class: ClassName=PAGE3 - HUB, USB, ETH Member=Component L5 BLM18EG221SN1D
Added Member To Class: ClassName=PAGE2 - PWR, MODULE Member=Component LED1 LED RGB WS2812
Added Member To Class: ClassName=PAGE2 - PWR, MODULE Member=Component MH1 MH_7.4MMNC_3.2MMD
Added Member To Class: ClassName=PAGE2 - PWR, MODULE Member=Component MH2 MH_7.4MMNC_3.2MMD
Added Member To Class: ClassName=PAGE2 - PWR, MODULE Member=Component MH3 MH_7.4MMNC_3.2MMD
Added Member To Class: ClassName=PAGE2 - PWR, MODULE Member=Component MH4 MH_7.4MMNC_3.2MMD
Added Member To Class: ClassName=PAGE2 - PWR, MODULE Member=Component MH5 MH_7.4MMNC_3.2MMD
Added Member To Class: ClassName=PAGE2 - PWR, MODULE Member=Component MH6 MH_7.4MMNC_3.2MMD
Added Member To Class: ClassName=PAGE2 - PWR, MODULE Member=Component P1 HDR1X3
Added Member To Class: ClassName=PAGE2 - PWR, MODULE Member=Component P2 Header 2
Added Member To Class: ClassName=PAGE2 - PWR, MODULE Member=Component P3 MHDR2X15
Added Member To Class: ClassName=PAGE2 - PWR, MODULE Member=Component P4 HDR1X3
Added Member To Class: ClassName=PAGE2 - PWR, MODULE Member=Component P5 HDR2X5
Added Member To Class: ClassName=PAGE2 - PWR, MODULE Member=Component Q1 DMG1012T-7
Added Member To Class: ClassName=PAGE2 - PWR, MODULE Member=Component Q2 DMG1012T-7
Added Member To Class: ClassName=PAGE3 - HUB, USB, ETH Member=Component Q3 DMG1012T-7
Added Member To Class: ClassName=PAGE2 - PWR, MODULE Member=Component R1 0R
Added Member To Class: ClassName=PAGE2 - PWR, MODULE Member=Component R2 0R
Added Member To Class: ClassName=PAGE2 - PWR, MODULE Member=Component R3 100k
Added Member To Class: ClassName=PAGE2 - PWR, MODULE Member=Component R4 0R
Added Member To Class: ClassName=PAGE2 - PWR, MODULE Member=Component R5 100k
Added Member To Class: ClassName=PAGE2 - PWR, MODULE Member=Component R6 100k
Added Member To Class: ClassName=PAGE2 - PWR, MODULE Member=Component R7 470R
Added Member To Class: ClassName=PAGE2 - PWR, MODULE Member=Component R8 470R
Added Member To Class: ClassName=PAGE2 - PWR, MODULE Member=Component R9 47k
Added Member To Class: ClassName=PAGE2 - PWR, MODULE Member=Component R10 100k
Added Member To Class: ClassName=PAGE2 - PWR, MODULE Member=Component R11 1K8
Added Member To Class: ClassName=PAGE2 - PWR, MODULE Member=Component R12 1K8
Added Member To Class: ClassName=PAGE2 - PWR, MODULE Member=Component R13 1K8
Added Member To Class: ClassName=PAGE2 - PWR, MODULE Member=Component R14 1K8
Added Member To Class: ClassName=PAGE2 - PWR, MODULE Member=Component R15 0R
Added Member To Class: ClassName=PAGE2 - PWR, MODULE Member=Component R16 0R
Added Member To Class: ClassName=PAGE2 - PWR, MODULE Member=Component R17 0R
Added Member To Class: ClassName=PAGE2 - PWR, MODULE Member=Component R18 0R
Added Member To Class: ClassName=PAGE2 - PWR, MODULE Member=Component R19 0R
Added Member To Class: ClassName=PAGE2 - PWR, MODULE Member=Component R20 470R
Added Member To Class: ClassName=PAGE2 - PWR, MODULE Member=Component R21 0R
Added Member To Class: ClassName=PAGE2 - PWR, MODULE Member=Component R22 0R
Added Member To Class: ClassName=PAGE2 - PWR, MODULE Member=Component R23 0R
Added Member To Class: ClassName=PAGE2 - PWR, MODULE Member=Component R24 0R
Added Member To Class: ClassName=PAGE2 - PWR, MODULE Member=Component R25 0R
Added Member To Class: ClassName=PAGE2 - PWR, MODULE Member=Component R26 0R
Added Member To Class: ClassName=PAGE3 - HUB, USB, ETH Member=Component R27 0R
Added Member To Class: ClassName=PAGE3 - HUB, USB, ETH Member=Component R28 0R
Added Member To Class: ClassName=PAGE3 - HUB, USB, ETH Member=Component R29 49.9R
Added Member To Class: ClassName=PAGE3 - HUB, USB, ETH Member=Component R30 49.9R
Added Member To Class: ClassName=PAGE3 - HUB, USB, ETH Member=Component R31 49.9R
Added Member To Class: ClassName=PAGE3 - HUB, USB, ETH Member=Component R32 49.9R
Added Member To Class: ClassName=PAGE3 - HUB, USB, ETH Member=Component R33 10R
Added Member To Class: ClassName=PAGE3 - HUB, USB, ETH Member=Component R34 10k
Added Member To Class: ClassName=PAGE3 - HUB, USB, ETH Member=Component R35 1k
Added Member To Class: ClassName=PAGE3 - HUB, USB, ETH Member=Component R36 1k
Added Member To Class: ClassName=PAGE3 - HUB, USB, ETH Member=Component R37 12k4
Added Member To Class: ClassName=PAGE3 - HUB, USB, ETH Member=Component R38 10k
Added Member To Class: ClassName=PAGE3 - HUB, USB, ETH Member=Component R39 1M
Added Member To Class: ClassName=PAGE3 - HUB, USB, ETH Member=Component R40 12k
Added Member To Class: ClassName=PAGE3 - HUB, USB, ETH Member=Component R41 10k
Added Member To Class: ClassName=PAGE3 - HUB, USB, ETH Member=Component R42 47k
Added Member To Class: ClassName=PAGE3 - HUB, USB, ETH Member=Component R43 47k
Added Member To Class: ClassName=PAGE2 - PWR, MODULE Member=Component SW1 Switch right angle
Added Member To Class: ClassName=PAGE3 - HUB, USB, ETH Member=Component T1 Ethernet RJ45
Added Member To Class: ClassName=PAGE2 - PWR, MODULE Member=Component TP1 TEST_POINT
Added Member To Class: ClassName=PAGE2 - PWR, MODULE Member=Component TP2 TEST_POINT
Added Member To Class: ClassName=PAGE2 - PWR, MODULE Member=Component TP3 TEST_POINT
Added Member To Class: ClassName=PAGE2 - PWR, MODULE Member=Component TP4 TEST_POINT
Added Member To Class: ClassName=PAGE2 - PWR, MODULE Member=Component TP5 TEST_POINT
Added Member To Class: ClassName=PAGE2 - PWR, MODULE Member=Component TP6 TEST_POINT
Added Member To Class: ClassName=PAGE2 - PWR, MODULE Member=Component TP7 TEST_POINT
Added Member To Class: ClassName=PAGE2 - PWR, MODULE Member=Component TP8 TEST_POINT
Added Member To Class: ClassName=PAGE2 - PWR, MODULE Member=Component TP9 TEST_POINT
Added Member To Class: ClassName=PAGE3 - HUB, USB, ETH Member=Component TP13 TEST_POINT
Added Member To Class: ClassName=PAGE3 - HUB, USB, ETH Member=Component TP14 TEST_POINT
Added Member To Class: ClassName=PAGE3 - HUB, USB, ETH Member=Component TP15 TEST_POINT
Added Member To Class: ClassName=PAGE3 - HUB, USB, ETH Member=Component TP16 TEST_POINT
Added Member To Class: ClassName=PAGE3 - HUB, USB, ETH Member=Component TP17 TEST_POINT
Added Member To Class: ClassName=PAGE3 - HUB, USB, ETH Member=Component TP18 TEST_POINT
Added Member To Class: ClassName=PAGE3 - HUB, USB, ETH Member=Component TP19 TEST_POINT
Added Member To Class: ClassName=PAGE3 - HUB, USB, ETH Member=Component TP20 TEST_POINT
Added Member To Class: ClassName=PAGE3 - HUB, USB, ETH Member=Component TP22 TEST_POINT
Added Member To Class: ClassName=PAGE2 - PWR, MODULE Member=Component U1 PAM2306AYPKE
Added Member To Class: ClassName=PAGE2 - PWR, MODULE Member=Component U2 REG1117
Added Member To Class: ClassName=PAGE2 - PWR, MODULE Member=Component U3 ITX2409SA
Added Member To Class: ClassName=PAGE2 - PWR, MODULE Member=Component U4 SPM15-050-Q12P-C
Added Member To Class: ClassName=PAGE3 - HUB, USB, ETH Member=Component U5 LAN9512-JZX
Added Member To Class: ClassName=PAGE3 - HUB, USB, ETH Member=Component U6 FSUSB42MUX
Added Member To Class: ClassName=PAGE3 - HUB, USB, ETH Member=Component Y1 25MHz
Added Room: Name=PAGE2 - PWR, MODULE
Added Room: Name=PAGE3 - HUB, USB, ETH
Added Room: Name=PAGE4 - SFP
